Arguments: 
  C:\Program Files\nodejs\node.exe C:\Program Files (x86)\Yarn\bin\yarn.js add reportWebVitals

PATH: 
  C:\Windows\system32;C:\Windows;C:\Windows\System32\Wbem;C:\Windows\System32\WindowsPowerShell\v1.0\;C:\Windows\System32\OpenSSH\;C:\Program Files\Git\cmd;C:\Program Files (x86)\Yarn\bin\;C:\Program Files\nodejs\;C:\Program Files\PostgreSQL\15\bin;C:\xampp\php;C:\ProgramData\ComposerSetup\bin;C:\Users\owner\AppData\Local\Microsoft\WindowsApps;C:\Users\owner\AppData\Local\Programs\Microsoft VS Code\bin;C:\Users\owner\AppData\Local\Yarn\bin;C:\Users\owner\AppData\Roaming\npm;C:\Program Files\PostgreSQL\15\bin;C:\Users\owner\AppData\Roaming\Composer\vendor\bin;C:\Users\owner\AppData\Local\GitHubDesktop\bin

Yarn version: 
  1.22.4

Node version: 
  19.2.0

Platform: 
  win32 x64

Trace: 
  Error: https://registry.yarnpkg.com/reportWebVitals: Not found
      at params.callback [as _callback] (C:\Program Files (x86)\Yarn\lib\cli.js:66096:18)
      at self.callback (C:\Program Files (x86)\Yarn\lib\cli.js:140748:22)
      at Request.emit (node:events:513:28)
      at Request.<anonymous> (C:\Program Files (x86)\Yarn\lib\cli.js:141720:10)
      at Request.emit (node:events:513:28)
      at IncomingMessage.<anonymous> (C:\Program Files (x86)\Yarn\lib\cli.js:141642:12)
      at Object.onceWrapper (node:events:627:28)
      at IncomingMessage.emit (node:events:525:35)
      at endReadableNT (node:internal/streams/readable:1359:12)
      at process.processTicksAndRejections (node:internal/process/task_queues:82:21)

npm manifest: 
  {
    "name": "my-app",
    "version": "0.1.0",
    "private": true,
    "dependencies": {
      "@redux-saga/core": "^1.2.2",
      "@reduxjs/toolkit": "^1.9.1",
      "@testing-library/jest-dom": "^5.16.5",
      "@testing-library/react": "^13.4.0",
      "@testing-library/user-event": "^13.5.0",
      "axios": "^1.2.3",
      "hooks": "^0.3.2",
      "react": "^18.2.0",
      "react-data-table-component": "^7.5.3",
      "react-dom": "^18.2.0",
      "react-redux": "^8.0.5",
      "react-router-dom": "^6.7.0",
      "react-scripts": "5.0.1",
      "redux": "^4.2.0",
      "redux-logger": "^3.0.6",
      "redux-saga": "^1.2.2",
      "styled-components": "^5.3.6",
      "sweetalert2": "^11.7.0",
      "sweetalert2-react-content": "^5.0.7",
      "web-vitals": "^2.1.4"
    },
    "scripts": {
      "start": "react-scripts start",
      "start:dev": "react-scripts start --watch",
      "start:debug": "react-scripts start --debug --watch",
      "build": "react-scripts build",
      "test": "react-scripts test",
      "eject": "react-scripts eject"
    },
    "eslintConfig": {
      "extends": [
        "react-app",
        "react-app/jest"
      ]
    },
    "browserslist": {
      "production": [
        ">0.2%",
        "not dead",
        "not op_mini all"
      ],
      "development": [
        "last 1 chrome version",
        "last 1 firefox version",
        "last 1 safari version"
      ]
    },
    "devDependencies": {
      "tailwindcss": "^3.2.4"
    }
  }

yarn manifest: 
  No manifest

Lockfile: 
  No lockfile
